<?xml version="1.0" encoding="UTF-8"?>
<testng-results ignored="0" total="1" passed="1" failed="0" skipped="0">
  <reporter-output>
  </reporter-output>
  <suite started-at="2024-11-30T19:39:36 IST" name="Default suite" finished-at="2024-11-30T19:39:51 IST" duration-ms="15279">
    <groups>
    </groups>
    <test started-at="2024-11-30T19:39:36 IST" name="Default test" finished-at="2024-11-30T19:39:51 IST" duration-ms="15279">
      <class name="Tests.AnotherloginTest">
        <test-method is-config="true" signature="setup()[pri:0, instance:Tests.AnotherloginTest@48bb62]" started-at="2024-11-30T19:39:36 IST" name="setup" finished-at="2024-11-30T19:39:38 IST" duration-ms="1894" status="PASS">
          <reporter-output>
          </reporter-output>
        </test-method> <!-- setup -->
        <test-method signature="test()[pri:0, instance:Tests.AnotherloginTest@48bb62]" started-at="2024-11-30T19:39:38 IST" name="test" finished-at="2024-11-30T19:39:51 IST" duration-ms="13159" status="PASS">
          <reporter-output>
          </reporter-output>
        </test-method> <!-- test -->
        <test-method is-config="true" signature="tearDown()[pri:0, instance:Tests.AnotherloginTest@48bb62]" started-at="2024-11-30T19:39:51 IST" name="tearDown" finished-at="2024-11-30T19:39:51 IST" duration-ms="178" status="PASS">
          <reporter-output>
          </reporter-output>
        </test-method> <!-- tearDown -->
      </class> <!-- Tests.AnotherloginTest -->
    </test> <!-- Default test -->
  </suite> <!-- Default suite -->
</testng-results>
